
> @crm/darkroom@0.0.0 build
> next build

▲ Next.js 16.2.1 (Turbopack)

⚠ The "middleware" file convention is deprecated. Please use "proxy" instead. Learn more: https://nextjs.org/docs/messages/middleware-to-proxy
  Creating an optimized production build ...
✓ Compiled successfully in 3.5s
  Skipping validation of types
  Finished TypeScript config validation in 5ms ...
  Collecting page data using 9 workers ...
Warning: SUPABASE_URL and SUPABASE_ANON_KEY environment variables not fully configured
Warning: SUPABASE_URL and SUPABASE_ANON_KEY environment variables not fully configured
Warning: SUPABASE_URL and SUPABASE_ANON_KEY environment variables not fully configured
Warning: SUPABASE_URL and SUPABASE_ANON_KEY environment variables not fully configured
Warning: SUPABASE_URL and SUPABASE_ANON_KEY environment variables not fully configured
Warning: SUPABASE_URL and SUPABASE_ANON_KEY environment variables not fully configured
Warning: SUPABASE_URL and SUPABASE_ANON_KEY environment variables not fully configured
Warning: SUPABASE_URL and SUPABASE_ANON_KEY environment variables not fully configured
Warning: SUPABASE_URL and SUPABASE_ANON_KEY environment variables not fully configured
  Generating static pages using 9 workers (0/3) ...
✓ Generating static pages using 9 workers (3/3) in 105ms
  Finalizing page optimization ...

Route (app)
┌ ƒ /
├ ○ /_not-found
├ ƒ /cull
├ ƒ /cull/[shoot]
├ ƒ /galleries
├ ƒ /galleries/[id]
├ ƒ /galleries/new
├ ƒ /guide
├ ƒ /imagen
├ ○ /login
├ ƒ /portfolio
├ ƒ /settings
└ ƒ /shoots


ƒ Proxy (Middleware)

○  (Static)   prerendered as static content
ƒ  (Dynamic)  server-rendered on demand

